<?xml version="1.0" encoding="UTF-8"?>
<!-- Generated by org.testng.reporters.JUnitReportReporter -->
<testsuite ignored="0" hostname="LAPTOP-I4DKSMBD" failures="0" tests="7" name="getFilesTest" time="0.002" errors="0" timestamp="17 Jul 2020 23:07:39 GMT" skipped="0">
  <testcase classname="getFilesTest" name="testWrite" time="0.001"/>
  <testcase classname="getFilesTest" name="testGetFile" time="0.000"/>
  <testcase classname="getFilesTest" name="testGetFiles" time="0.001"/>
  <testcase classname="getFilesTest" name="testGetFile" time="0.000"/>
  <testcase classname="getFilesTest" name="testWrite" time="0.000"/>
  <testcase classname="getFilesTest" name="testWrite" time="0.000"/>
  <testcase classname="getFilesTest" name="testGetFile" time="0.000"/>
</testsuite> <!-- getFilesTest -->
