<?xml version="1.0" encoding="UTF-8"?>
<!-- Generated by org.testng.reporters.JUnitReportReporter -->
<testsuite ignored="0" hostname="LAPTOP-I4DKSMBD" failures="0" tests="1" name="TestCat" time="0.005" errors="0" timestamp="17 Jul 2020 16:04:01 GMT" skipped="0">
  <testcase classname="TestCat" name="testGetNameCat" time="0.005"/>
</testsuite> <!-- TestCat -->
